This is pdfTeX, Version 3.14159265-2.6-1.40.16 (TeX Live 2015/Debian) (preloaded format=pdflatex 2017.2.6)  16 MAR 2017 22:36
entering extended mode
 restricted \write18 enabled.
 %&-line parsing enabled.
**A5Report
(./A5Report.tex
LaTeX2e <2016/02/01>
Babel <3.9q> and hyphenation patterns for 81 language(s) loaded.
(/usr/share/texlive/texmf-dist/tex/latex/base/article.cls
Document Class: article 2014/09/29 v1.4h Standard LaTeX document class
(/usr/share/texlive/texmf-dist/tex/latex/base/size10.clo
File: size10.clo 2014/09/29 v1.4h Standard LaTeX file (size option)
)
\c@part=\count79
\c@section=\count80
\c@subsection=\count81
\c@subsubsection=\count82
\c@paragraph=\count83
\c@subparagraph=\count84
\c@figure=\count85
\c@table=\count86
\abovecaptionskip=\skip41
\belowcaptionskip=\skip42
\bibindent=\dimen102
)
(/usr/share/texlive/texmf-dist/tex/latex/fancyhdr/fancyhdr.sty
\fancy@headwidth=\skip43
\f@ncyO@elh=\skip44
\f@ncyO@erh=\skip45
\f@ncyO@olh=\skip46
\f@ncyO@orh=\skip47
\f@ncyO@elf=\skip48
\f@ncyO@erf=\skip49
\f@ncyO@olf=\skip50
\f@ncyO@orf=\skip51
)
(/usr/share/texlive/texmf-dist/tex/latex/lastpage/lastpage.sty
Package: lastpage 2015/03/29 v1.2m Refers to last page's name (HMM; JPG)
)
(/usr/share/texlive/texmf-dist/tex/latex/fancyhdr/extramarks.sty
\@temptokenb=\toks14
)
(/usr/share/texlive/texmf-dist/tex/latex/graphics/color.sty
Package: color 2016/01/03 v1.1b Standard LaTeX Color (DPC)

(/usr/share/texlive/texmf-dist/tex/latex/latexconfig/color.cfg
File: color.cfg 2007/01/18 v1.5 color configuration of teTeX/TeXLive
)
Package color Info: Driver file: pdftex.def on input line 143.

(/usr/share/texlive/texmf-dist/tex/latex/pdftex-def/pdftex.def
File: pdftex.def 2011/05/27 v0.06d Graphics/color for pdfTeX

(/usr/share/texlive/texmf-dist/tex/generic/oberdiek/infwarerr.sty
Package: infwarerr 2010/04/08 v1.3 Providing info/warning/error messages (HO)
)
(/usr/share/texlive/texmf-dist/tex/generic/oberdiek/ltxcmds.sty
Package: ltxcmds 2011/11/09 v1.22 LaTeX kernel commands for general use (HO)
)
\Gread@gobject=\count87
)
(/usr/share/texlive/texmf-dist/tex/latex/graphics/dvipsnam.def
File: dvipsnam.def 2015/12/30 v3.0k Driver-dependent file (DPC,SPQR)
))
(/usr/share/texlive/texmf-dist/tex/latex/graphics/graphicx.sty
Package: graphicx 2014/10/28 v1.0g Enhanced LaTeX Graphics (DPC,SPQR)

(/usr/share/texlive/texmf-dist/tex/latex/graphics/keyval.sty
Package: keyval 2014/10/28 v1.15 key=value parser (DPC)
\KV@toks@=\toks15
)
(/usr/share/texlive/texmf-dist/tex/latex/graphics/graphics.sty
Package: graphics 2016/01/03 v1.0q Standard LaTeX Graphics (DPC,SPQR)

(/usr/share/texlive/texmf-dist/tex/latex/graphics/trig.sty
Package: trig 2016/01/03 v1.10 sin cos tan (DPC)
)
(/usr/share/texlive/texmf-dist/tex/latex/latexconfig/graphics.cfg
File: graphics.cfg 2010/04/23 v1.9 graphics configuration of TeX Live
)
Package graphics Info: Driver file: pdftex.def on input line 95.
)
\Gin@req@height=\dimen103
\Gin@req@width=\dimen104
)
(/usr/share/texlive/texmf-dist/tex/latex/tools/afterpage.sty
Package: afterpage 2014/10/28 v1.08 After-Page Package (DPC)
\AP@output=\toks16
\AP@partial=\box26
\AP@footins=\box27
)
(/usr/share/texlive/texmf-dist/tex/latex/caption/caption.sty
Package: caption 2016/02/21 v3.3-144 Customizing captions (AR)

(/usr/share/texlive/texmf-dist/tex/latex/caption/caption3.sty
Package: caption3 2016/02/04 v1.7-139 caption3 kernel (AR)
Package caption3 Info: TeX engine: e-TeX on input line 67.
\captionmargin=\dimen105
\captionmargin@=\dimen106
\captionwidth=\dimen107
\caption@tempdima=\dimen108
\caption@indent=\dimen109
\caption@parindent=\dimen110
\caption@hangindent=\dimen111
)
\c@ContinuedFloat=\count88
)
(/usr/share/texlive/texmf-dist/tex/latex/caption/subcaption.sty
Package: subcaption 2016/02/20 v1.1-142 Sub-captions (AR)
\c@subfigure=\count89
\c@subtable=\count90
)
(/usr/share/texlive/texmf-dist/tex/latex/listings/listings.sty
\lst@mode=\count91
\lst@gtempboxa=\box28
\lst@token=\toks17
\lst@length=\count92
\lst@currlwidth=\dimen112
\lst@column=\count93
\lst@pos=\count94
\lst@lostspace=\dimen113
\lst@width=\dimen114
\lst@newlines=\count95
\lst@lineno=\count96
\lst@maxwidth=\dimen115

(/usr/share/texlive/texmf-dist/tex/latex/listings/lstmisc.sty
File: lstmisc.sty 2015/06/04 1.6 (Carsten Heinz)
\c@lstnumber=\count97
\lst@skipnumbers=\count98
\lst@framebox=\box29
)
(/usr/share/texlive/texmf-dist/tex/latex/listings/listings.cfg
File: listings.cfg 2015/06/04 1.6 listings configuration
))
Package: listings 2015/06/04 1.6 (Carsten Heinz)

(/usr/share/texlive/texmf-dist/tex/latex/psnfss/courier.sty
Package: courier 2005/04/12 PSNFSS-v9.2a (WaS) 
)
(/usr/share/texlive/texmf-dist/tex/latex/lipsum/lipsum.sty
Package: lipsum 2014/07/27 v1.3 150 paragraphs of Lorem Ipsum dummy text
\c@lips@count=\count99
)
(/usr/share/texlive/texmf-dist/tex/latex/hyperref/hyperref.sty
Package: hyperref 2012/11/06 v6.83m Hypertext links for LaTeX

(/usr/share/texlive/texmf-dist/tex/generic/oberdiek/hobsub-hyperref.sty
Package: hobsub-hyperref 2012/05/28 v1.13 Bundle oberdiek, subset hyperref (HO)


(/usr/share/texlive/texmf-dist/tex/generic/oberdiek/hobsub-generic.sty
Package: hobsub-generic 2012/05/28 v1.13 Bundle oberdiek, subset generic (HO)
Package: hobsub 2012/05/28 v1.13 Construct package bundles (HO)
Package hobsub Info: Skipping package `infwarerr' (already loaded).
Package hobsub Info: Skipping package `ltxcmds' (already loaded).
Package: ifluatex 2010/03/01 v1.3 Provides the ifluatex switch (HO)
Package ifluatex Info: LuaTeX not detected.
Package: ifvtex 2010/03/01 v1.5 Detect VTeX and its facilities (HO)
Package ifvtex Info: VTeX not detected.
Package: intcalc 2007/09/27 v1.1 Expandable calculations with integers (HO)
Package: ifpdf 2011/01/30 v2.3 Provides the ifpdf switch (HO)
Package ifpdf Info: pdfTeX in PDF mode is detected.
Package: etexcmds 2011/02/16 v1.5 Avoid name clashes with e-TeX commands (HO)
Package etexcmds Info: Could not find \expanded.
(etexcmds)             That can mean that you are not using pdfTeX 1.50 or
(etexcmds)             that some package has redefined \expanded.
(etexcmds)             In the latter case, load this package earlier.
Package: kvsetkeys 2012/04/25 v1.16 Key value parser (HO)
Package: kvdefinekeys 2011/04/07 v1.3 Define keys (HO)
Package: pdftexcmds 2011/11/29 v0.20 Utility functions of pdfTeX for LuaTeX (HO
)
Package pdftexcmds Info: LuaTeX not detected.
Package pdftexcmds Info: \pdf@primitive is available.
Package pdftexcmds Info: \pdf@ifprimitive is available.
Package pdftexcmds Info: \pdfdraftmode found.
Package: pdfescape 2011/11/25 v1.13 Implements pdfTeX's escape features (HO)
Package: bigintcalc 2012/04/08 v1.3 Expandable calculations on big integers (HO
)
Package: bitset 2011/01/30 v1.1 Handle bit-vector datatype (HO)
Package: uniquecounter 2011/01/30 v1.2 Provide unlimited unique counter (HO)
)
Package hobsub Info: Skipping package `hobsub' (already loaded).
Package: letltxmacro 2010/09/02 v1.4 Let assignment for LaTeX macros (HO)
Package: hopatch 2012/05/28 v1.2 Wrapper for package hooks (HO)
Package: xcolor-patch 2011/01/30 xcolor patch
Package: atveryend 2011/06/30 v1.8 Hooks at the very end of document (HO)
Package atveryend Info: \AP@enddocument detected (standard20110627).
Package: atbegshi 2011/10/05 v1.16 At begin shipout hook (HO)
Package: refcount 2011/10/16 v3.4 Data extraction from label references (HO)
Package: hycolor 2011/01/30 v1.7 Color options for hyperref/bookmark (HO)
)
(/usr/share/texlive/texmf-dist/tex/generic/ifxetex/ifxetex.sty
Package: ifxetex 2010/09/12 v0.6 Provides ifxetex conditional
)
(/usr/share/texlive/texmf-dist/tex/latex/oberdiek/auxhook.sty
Package: auxhook 2011/03/04 v1.3 Hooks for auxiliary files (HO)
)
(/usr/share/texlive/texmf-dist/tex/latex/oberdiek/kvoptions.sty
Package: kvoptions 2011/06/30 v3.11 Key value format for package options (HO)
)
\@linkdim=\dimen116
\Hy@linkcounter=\count100
\Hy@pagecounter=\count101

(/usr/share/texlive/texmf-dist/tex/latex/hyperref/pd1enc.def
File: pd1enc.def 2012/11/06 v6.83m Hyperref: PDFDocEncoding definition (HO)
)
\Hy@SavedSpaceFactor=\count102

(/usr/share/texlive/texmf-dist/tex/latex/latexconfig/hyperref.cfg
File: hyperref.cfg 2002/06/06 v1.2 hyperref configuration of TeXLive
)
Package hyperref Info: Option `colorlinks' set `true' on input line 4319.
Package hyperref Info: Option `bookmarks' set `true' on input line 4319.
Package hyperref Info: Hyper figures OFF on input line 4443.
Package hyperref Info: Link nesting OFF on input line 4448.
Package hyperref Info: Hyper index ON on input line 4451.
Package hyperref Info: Plain pages OFF on input line 4458.
Package hyperref Info: Backreferencing OFF on input line 4463.
Package hyperref Info: Implicit mode ON; LaTeX internals redefined.
Package hyperref Info: Bookmarks ON on input line 4688.
\c@Hy@tempcnt=\count103

(/usr/share/texlive/texmf-dist/tex/latex/url/url.sty
\Urlmuskip=\muskip10
Package: url 2013/09/16  ver 3.4  Verb mode for urls, etc.
)
LaTeX Info: Redefining \url on input line 5041.
\XeTeXLinkMargin=\dimen117
\Fld@menulength=\count104
\Field@Width=\dimen118
\Fld@charsize=\dimen119
Package hyperref Info: Hyper figures OFF on input line 6295.
Package hyperref Info: Link nesting OFF on input line 6300.
Package hyperref Info: Hyper index ON on input line 6303.
Package hyperref Info: backreferencing OFF on input line 6310.
Package hyperref Info: Link coloring ON on input line 6313.
Package hyperref Info: Link coloring with OCG OFF on input line 6320.
Package hyperref Info: PDF/A mode OFF on input line 6325.
LaTeX Info: Redefining \ref on input line 6365.
LaTeX Info: Redefining \pageref on input line 6369.
\Hy@abspage=\count105
\c@Item=\count106
\c@Hfootnote=\count107
)

Package hyperref Message: Driver (autodetected): hpdftex.

(/usr/share/texlive/texmf-dist/tex/latex/hyperref/hpdftex.def
File: hpdftex.def 2012/11/06 v6.83m Hyperref driver for pdfTeX
\Fld@listcount=\count108
\c@bookmark@seq@number=\count109

(/usr/share/texlive/texmf-dist/tex/latex/oberdiek/rerunfilecheck.sty
Package: rerunfilecheck 2011/04/15 v1.7 Rerun checks for auxiliary files (HO)
Package uniquecounter Info: New unique counter `rerunfilecheck' on input line 2
82.
)
\Hy@SectionHShift=\skip52
)
(/usr/share/texlive/texmf-dist/tex/latex/xcolor/xcolor.sty
Package: xcolor 2007/01/21 v2.11 LaTeX color extensions (UK)

(/usr/share/texlive/texmf-dist/tex/latex/latexconfig/color.cfg
File: color.cfg 2007/01/18 v1.5 color configuration of teTeX/TeXLive
)
Package xcolor Info: Driver file: pdftex.def on input line 225.

(/usr/share/texlive/texmf-dist/tex/latex/colortbl/colortbl.sty
Package: colortbl 2012/02/13 v1.0a Color table columns (DPC)

(/usr/share/texlive/texmf-dist/tex/latex/tools/array.sty
Package: array 2014/10/28 v2.4c Tabular extension package (FMi)
\col@sep=\dimen120
\extrarowheight=\dimen121
\NC@list=\toks18
\extratabsurround=\skip53
\backup@length=\skip54
)
\everycr=\toks19
\minrowclearance=\skip55
)
LaTeX Info: Redefining \color on input line 702.
\rownum=\count110
Package xcolor Info: Model `cmy' substituted by `cmy0' on input line 1337.
Package xcolor Info: Model `hsb' substituted by `rgb' on input line 1341.
Package xcolor Info: Model `RGB' extended on input line 1353.
Package xcolor Info: Model `HTML' substituted by `rgb' on input line 1355.
Package xcolor Info: Model `Hsb' substituted by `hsb' on input line 1356.
Package xcolor Info: Model `tHsb' substituted by `hsb' on input line 1357.
Package xcolor Info: Model `HSB' substituted by `hsb' on input line 1358.
Package xcolor Info: Model `Gray' substituted by `gray' on input line 1359.
Package xcolor Info: Model `wave' substituted by `hsb' on input line 1360.

(/usr/share/texlive/texmf-dist/tex/latex/xcolor/svgnam.def
File: svgnam.def 2007/01/21 v2.11 Predefined colors according to SVG 1.1 (UK)
))
(/usr/share/texlive/texmf-dist/tex/latex/tools/tabularx.sty
Package: tabularx 2014/10/28 v2.10 `tabularx' package (DPC)
\TX@col@width=\dimen122
\TX@old@table=\dimen123
\TX@old@col=\dimen124
\TX@target=\dimen125
\TX@delta=\dimen126
\TX@cols=\count111
\TX@ftn=\toks20
)
(/usr/share/texlive/texmf-dist/tex/latex/booktabs/booktabs.sty
Package: booktabs 2005/04/14 v1.61803 publication quality tables
\heavyrulewidth=\dimen127
\lightrulewidth=\dimen128
\cmidrulewidth=\dimen129
\belowrulesep=\dimen130
\belowbottomsep=\dimen131
\aboverulesep=\dimen132
\abovetopsep=\dimen133
\cmidrulesep=\dimen134
\cmidrulekern=\dimen135
\defaultaddspace=\dimen136
\@cmidla=\count112
\@cmidlb=\count113
\@aboverulesep=\dimen137
\@belowrulesep=\dimen138
\@thisruleclass=\count114
\@lastruleclass=\count115
\@thisrulewidth=\dimen139
)
(/usr/share/texlive/texmf-dist/tex/latex/natbib/natbib.sty
Package: natbib 2010/09/13 8.31b (PWD, AO)
\bibhang=\skip56
\bibsep=\skip57
LaTeX Info: Redefining \cite on input line 694.
\c@NAT@ctr=\count116
)
(/usr/share/texlive/texmf-dist/tex/latex/listings/lstlang1.sty
File: lstlang1.sty 2015/06/04 1.6 listings language file
)
\c@homeworkProblemCounter=\count117
 (./A5Report.aux)
\openout1 = `A5Report.aux'.

LaTeX Font Info:    Checking defaults for OML/cmm/m/it on input line 177.
LaTeX Font Info:    ... okay on input line 177.
LaTeX Font Info:    Checking defaults for T1/cmr/m/n on input line 177.
LaTeX Font Info:    ... okay on input line 177.
LaTeX Font Info:    Checking defaults for OT1/cmr/m/n on input line 177.
LaTeX Font Info:    ... okay on input line 177.
LaTeX Font Info:    Checking defaults for OMS/cmsy/m/n on input line 177.
LaTeX Font Info:    ... okay on input line 177.
LaTeX Font Info:    Checking defaults for OMX/cmex/m/n on input line 177.
LaTeX Font Info:    ... okay on input line 177.
LaTeX Font Info:    Checking defaults for U/cmr/m/n on input line 177.
LaTeX Font Info:    ... okay on input line 177.
LaTeX Font Info:    Checking defaults for PD1/pdf/m/n on input line 177.
LaTeX Font Info:    ... okay on input line 177.
Package lastpage Info: Please have a look at the pageslts package at
(lastpage)             https://www.ctan.org/pkg/pageslts
(lastpage)             ! on input line 177.
 (/usr/share/texlive/texmf-dist/tex/context/base/supp-pdf.mkii
[Loading MPS to PDF converter (version 2006.09.02).]
\scratchcounter=\count118
\scratchdimen=\dimen140
\scratchbox=\box30
\nofMPsegments=\count119
\nofMParguments=\count120
\everyMPshowfont=\toks21
\MPscratchCnt=\count121
\MPscratchDim=\dimen141
\MPnumerator=\count122
\makeMPintoPDFobject=\count123
\everyMPtoPDFconversion=\toks22
) (/usr/share/texlive/texmf-dist/tex/latex/oberdiek/epstopdf-base.sty
Package: epstopdf-base 2010/02/09 v2.5 Base part for package epstopdf

(/usr/share/texlive/texmf-dist/tex/latex/oberdiek/grfext.sty
Package: grfext 2010/08/19 v1.1 Manage graphics extensions (HO)
)
Package grfext Info: Graphics extension search list:
(grfext)             [.png,.pdf,.jpg,.mps,.jpeg,.jbig2,.jb2,.PNG,.PDF,.JPG,.JPE
G,.JBIG2,.JB2,.eps]
(grfext)             \AppendGraphicsExtensions on input line 452.

(/usr/share/texlive/texmf-dist/tex/latex/latexconfig/epstopdf-sys.cfg
File: epstopdf-sys.cfg 2010/07/13 v1.3 Configuration of (r)epstopdf for TeX Liv
e
))
Package caption Info: Begin \AtBeginDocument code.
Package caption Info: hyperref package is loaded.
Package caption Info: listings package is loaded.
Package caption Info: End \AtBeginDocument code.
\c@lstlisting=\count124
\AtBeginShipoutBox=\box31
Package hyperref Info: Link coloring ON on input line 177.

(/usr/share/texlive/texmf-dist/tex/latex/hyperref/nameref.sty
Package: nameref 2012/10/27 v2.43 Cross-referencing by name of section

(/usr/share/texlive/texmf-dist/tex/generic/oberdiek/gettitlestring.sty
Package: gettitlestring 2010/12/03 v1.4 Cleanup title references (HO)
)
\c@section@level=\count125
)
LaTeX Info: Redefining \ref on input line 177.
LaTeX Info: Redefining \pageref on input line 177.
LaTeX Info: Redefining \nameref on input line 177.

(./A5Report.out) (./A5Report.out)
\@outlinefile=\write3
\openout3 = `A5Report.out'.

LaTeX Font Info:    External font `cmex10' loaded for size
(Font)              <12> on input line 180.
LaTeX Font Info:    External font `cmex10' loaded for size
(Font)              <8> on input line 180.
LaTeX Font Info:    External font `cmex10' loaded for size
(Font)              <6> on input line 180.
 [1

{/var/lib/texmf/fonts/map/pdftex/updmap/pdftex.map}] (./A5Report.toc)
\tf@toc=\write4
\openout4 = `A5Report.toc'.

 [2]
(/usr/share/texlive/texmf-dist/tex/latex/listings/lstlang1.sty
File: lstlang1.sty 2015/06/04 1.6 listings language file
)
LaTeX Font Info:    Try loading font information for OT1+pcr on input line 199.


(/usr/share/texlive/texmf-dist/tex/latex/psnfss/ot1pcr.fd
File: ot1pcr.fd 2001/06/04 font definitions for OT1/pcr.
) (./P1.py [3])
<karateClub-beforesplit.pdf, id=90, 602.25pt x 602.25pt>
File: karateClub-beforesplit.pdf Graphic file (type pdf)

<use karateClub-beforesplit.pdf>
Package pdftex.def Info: karateClub-beforesplit.pdf used on input line 206.
(pdftex.def)             Requested size: 140.92792pt x 140.92226pt.

<karateClub-postsplit.pdf, id=91, 602.25pt x 602.25pt>
File: karateClub-postsplit.pdf Graphic file (type pdf)

<use karateClub-postsplit.pdf>
Package pdftex.def Info: karateClub-postsplit.pdf used on input line 212.
(pdftex.def)             Requested size: 140.92792pt x 140.92226pt.
 <1-1.pdf, id=92, 602.25pt x 602.25pt>
File: 1-1.pdf Graphic file (type pdf)

<use 1-1.pdf>
Package pdftex.def Info: 1-1.pdf used on input line 222.
(pdftex.def)             Requested size: 140.92792pt x 140.92226pt.
 <2-1.pdf, id=93, 602.25pt x 602.25pt>
File: 2-1.pdf Graphic file (type pdf)
 <use 2-1.pdf>
Package pdftex.def Info: 2-1.pdf used on input line 228.
(pdftex.def)             Requested size: 140.92792pt x 140.92226pt.

<3-1.pdf, id=94, 602.25pt x 602.25pt>
File: 3-1.pdf Graphic file (type pdf)
 <use 3-1.pdf>
Package pdftex.def Info: 3-1.pdf used on input line 234.
(pdftex.def)             Requested size: 140.92792pt x 140.92226pt.

Underfull \hbox (badness 10000) in paragraph at lines 235--235
[]\OT1/cmr/m/n/9 (c) |Girvan-Newman Iteration3-
 []

<4-1.pdf, id=95, 602.25pt x 602.25pt>
File: 4-1.pdf Graphic file (type pdf)
 <use 4-1.pdf>
Package pdftex.def Info: 4-1.pdf used on input line 240.
(pdftex.def)             Requested size: 140.92792pt x 140.92226pt.

<5-1.pdf, id=96, 602.25pt x 602.25pt>
File: 5-1.pdf Graphic file (type pdf)
 <use 5-1.pdf>
Package pdftex.def Info: 5-1.pdf used on input line 247.
(pdftex.def)             Requested size: 140.92792pt x 140.92226pt.

<6-1.pdf, id=97, 602.25pt x 602.25pt>
File: 6-1.pdf Graphic file (type pdf)
 <use 6-1.pdf>
Package pdftex.def Info: 6-1.pdf used on input line 253.
(pdftex.def)             Requested size: 140.92792pt x 140.92226pt.

<7-1.pdf, id=98, 602.25pt x 602.25pt>
File: 7-1.pdf Graphic file (type pdf)
 <use 7-1.pdf>
Package pdftex.def Info: 7-1.pdf used on input line 259.
(pdftex.def)             Requested size: 140.92792pt x 140.92226pt.

<8-1.pdf, id=99, 602.25pt x 602.25pt>
File: 8-1.pdf Graphic file (type pdf)
 <use 8-1.pdf>
Package pdftex.def Info: 8-1.pdf used on input line 266.
(pdftex.def)             Requested size: 140.92792pt x 140.92226pt.

<9-1.pdf, id=100, 602.25pt x 602.25pt>
File: 9-1.pdf Graphic file (type pdf)
 <use 9-1.pdf>
Package pdftex.def Info: 9-1.pdf used on input line 272.
(pdftex.def)             Requested size: 140.92792pt x 140.92226pt.

<10-1.pdf, id=101, 602.25pt x 602.25pt>
File: 10-1.pdf Graphic file (type pdf)
 <use 10-1.pdf>
Package pdftex.def Info: 10-1.pdf used on input line 278.
(pdftex.def)             Requested size: 140.92792pt x 140.92226pt.


LaTeX Warning: Float too large for page by 39.14958pt on input line 281.

<11-1.pdf, id=102, 602.25pt x 602.25pt>
File: 11-1.pdf Graphic file (type pdf)
 <use 11-1.pdf>
Package pdftex.def Info: 11-1.pdf used on input line 288.
(pdftex.def)             Requested size: 140.92792pt x 140.92226pt.

<12-2.pdf, id=103, 602.25pt x 602.25pt>
File: 12-2.pdf Graphic file (type pdf)
 <use 12-2.pdf>
Package pdftex.def Info: 12-2.pdf used on input line 294.
(pdftex.def)             Requested size: 140.92792pt x 140.92226pt.

<13-2.pdf, id=104, 602.25pt x 602.25pt>
File: 13-2.pdf Graphic file (type pdf)
 <use 13-2.pdf>
Package pdftex.def Info: 13-2.pdf used on input line 304.
(pdftex.def)             Requested size: 140.92792pt x 140.92226pt.

<14-2.pdf, id=105, 602.25pt x 602.25pt>
File: 14-2.pdf Graphic file (type pdf)
 <use 14-2.pdf>
Package pdftex.def Info: 14-2.pdf used on input line 310.
(pdftex.def)             Requested size: 140.92792pt x 140.92226pt.

<15-3.pdf, id=106, 602.25pt x 602.25pt>
File: 15-3.pdf Graphic file (type pdf)
 <use 15-3.pdf>
Package pdftex.def Info: 15-3.pdf used on input line 316.
(pdftex.def)             Requested size: 140.92792pt x 140.92226pt.

<16-3.pdf, id=107, 602.25pt x 602.25pt>
File: 16-3.pdf Graphic file (type pdf)
 <use 16-3.pdf>
Package pdftex.def Info: 16-3.pdf used on input line 322.
(pdftex.def)             Requested size: 140.92792pt x 140.92226pt.

<17-3.pdf, id=108, 602.25pt x 602.25pt>
File: 17-3.pdf Graphic file (type pdf)
 <use 17-3.pdf>
Package pdftex.def Info: 17-3.pdf used on input line 330.
(pdftex.def)             Requested size: 140.92792pt x 140.92226pt.

<18-3.pdf, id=109, 602.25pt x 602.25pt>
File: 18-3.pdf Graphic file (type pdf)
 <use 18-3.pdf>
Package pdftex.def Info: 18-3.pdf used on input line 336.
(pdftex.def)             Requested size: 140.92792pt x 140.92226pt.

<19-4.pdf, id=110, 602.25pt x 602.25pt>
File: 19-4.pdf Graphic file (type pdf)
 <use 19-4.pdf>
Package pdftex.def Info: 19-4.pdf used on input line 342.
(pdftex.def)             Requested size: 140.92792pt x 140.92226pt.

<20-4.pdf, id=111, 602.25pt x 602.25pt>
File: 20-4.pdf Graphic file (type pdf)
 <use 20-4.pdf>
Package pdftex.def Info: 20-4.pdf used on input line 353.
(pdftex.def)             Requested size: 140.92792pt x 140.92226pt.

<21-4.pdf, id=112, 602.25pt x 602.25pt>
File: 21-4.pdf Graphic file (type pdf)
 <use 21-4.pdf>
Package pdftex.def Info: 21-4.pdf used on input line 359.
(pdftex.def)             Requested size: 140.92792pt x 140.92226pt.

<22-4.pdf, id=113, 602.25pt x 602.25pt>
File: 22-4.pdf Graphic file (type pdf)
 <use 22-4.pdf>
Package pdftex.def Info: 22-4.pdf used on input line 365.
(pdftex.def)             Requested size: 140.92792pt x 140.92226pt.

<23-4.pdf, id=114, 602.25pt x 602.25pt>
File: 23-4.pdf Graphic file (type pdf)
 <use 23-4.pdf>
Package pdftex.def Info: 23-4.pdf used on input line 372.
(pdftex.def)             Requested size: 140.92792pt x 140.92226pt.

<24-4.pdf, id=115, 602.25pt x 602.25pt>
File: 24-4.pdf Graphic file (type pdf)
 <use 24-4.pdf>
Package pdftex.def Info: 24-4.pdf used on input line 378.
(pdftex.def)             Requested size: 140.92792pt x 140.92226pt.

<25-5.pdf, id=116, 602.25pt x 602.25pt>
File: 25-5.pdf Graphic file (type pdf)
 <use 25-5.pdf>
Package pdftex.def Info: 25-5.pdf used on input line 384.
(pdftex.def)             Requested size: 140.92792pt x 140.92226pt.
LaTeX Font Info:    External font `cmex10' loaded for size
(Font)              <7> on input line 403.
LaTeX Font Info:    External font `cmex10' loaded for size
(Font)              <5> on input line 403.

Overfull \hbox (4.74501pt too wide) in paragraph at lines 407--408
[][][]$\OT1/pcr/m/n/10 http : / / www-[]personal . umich . edu / []ladamic / co
urses / networks / si614w06 / ppt / lecture18 .
 []


Overfull \hbox (4.24501pt too wide) in paragraph at lines 409--410
[][][]$\OT1/pcr/m/n/10 http : / / clair . si . umich . edu / si767 / papers / W
eek03 / Community / CommunityDetection . pptx$[][] 
 []


Underfull \hbox (badness 10000) in paragraph at lines 409--410

 []

[4 <./karateClub-beforesplit.pdf> <./karateClub-postsplit.pdf

pdfTeX warning: pdflatex (file ./karateClub-postsplit.pdf): PDF inclusion: mult
iple pdfs with page group included in a single page
>] [5 <./1-1.pdf> <./2-1.pdf

pdfTeX warning: pdflatex (file ./2-1.pdf): PDF inclusion: multiple pdfs with pa
ge group included in a single page
> <./3-1.pdf

pdfTeX warning: pdflatex (file ./3-1.pdf): PDF inclusion: multiple pdfs with pa
ge group included in a single page
> <./4-1.pdf

pdfTeX warning: pdflatex (file ./4-1.pdf): PDF inclusion: multiple pdfs with pa
ge group included in a single page
> <./5-1.pdf

pdfTeX warning: pdflatex (file ./5-1.pdf): PDF inclusion: multiple pdfs with pa
ge group included in a single page
> <./6-1.pdf

pdfTeX warning: pdflatex (file ./6-1.pdf): PDF inclusion: multiple pdfs with pa
ge group included in a single page
> <./7-1.pdf

pdfTeX warning: pdflatex (file ./7-1.pdf): PDF inclusion: multiple pdfs with pa
ge group included in a single page
> <./8-1.pdf

pdfTeX warning: pdflatex (file ./8-1.pdf): PDF inclusion: multiple pdfs with pa
ge group included in a single page
> <./9-1.pdf

pdfTeX warning: pdflatex (file ./9-1.pdf): PDF inclusion: multiple pdfs with pa
ge group included in a single page
> <./10-1.pdf

pdfTeX warning: pdflatex (file ./10-1.pdf): PDF inclusion: multiple pdfs with p
age group included in a single page
>]
Underfull \hbox (badness 10000) in paragraph at lines 413--414

 []


Overfull \hbox (28.24501pt too wide) in paragraph at lines 415--416
[][][]$\OT1/pcr/m/n/10 http : / / nbviewer . ipython . org / url / courses . ci
t . cornell . edu / info6010 / resources / 11notes .
 []


Underfull \hbox (badness 10000) in paragraph at lines 415--416

 []


Overfull \hbox (236.74501pt too wide) in paragraph at lines 417--418
[][][]$\OT1/pcr/m/n/10 http : / / stackoverflow . com / questions / 9471906 / w
hat-[]are-[]the-[]differences-[]between-[]community-[]detection-[]algorithms-[]
in-[]igraph /
 []


Underfull \hbox (badness 10000) in paragraph at lines 417--418

 []


Overfull \hbox (230.74501pt too wide) in paragraph at lines 419--420
[][][]$\OT1/pcr/m/n/10 http : / / stackoverflow . com / questions / 5822265 / a
re-[]there-[]implementations-[]of-[]algorithms-[]for-[]community-[]detection-[]
in-[]graphs$[][] 
 []


Underfull \hbox (badness 10000) in paragraph at lines 419--420

 []


Underfull \hbox (badness 10000) in paragraph at lines 421--422

 []


Underfull \hbox (badness 10000) in paragraph at lines 423--424

 []


Underfull \hbox (badness 10000) in paragraph at lines 425--426

 []


Overfull \hbox (4.74501pt too wide) in paragraph at lines 427--428
[][][]$\OT1/pcr/m/n/10 http : / / igraph . org / python / doc / igraph-[]pysrc 
. html # Graph . community _ edge _ betweenness$[][] 
 []


Underfull \hbox (badness 10000) in paragraph at lines 427--428

 []


Underfull \hbox (badness 10000) in paragraph at lines 431--432

 []


Underfull \hbox (badness 10000) in paragraph at lines 433--434

 []


Underfull \hbox (badness 10000) in paragraph at lines 435--436

 []


Underfull \hbox (badness 10000) in paragraph at lines 437--438

 []

[6 <./11-1.pdf> <./12-2.pdf

pdfTeX warning: pdflatex (file ./12-2.pdf): PDF inclusion: multiple pdfs with p
age group included in a single page
>] [7 <./13-2.pdf> <./14-2.pdf

pdfTeX warning: pdflatex (file ./14-2.pdf): PDF inclusion: multiple pdfs with p
age group included in a single page
> <./15-3.pdf

pdfTeX warning: pdflatex (file ./15-3.pdf): PDF inclusion: multiple pdfs with p
age group included in a single page
> <./16-3.pdf

pdfTeX warning: pdflatex (file ./16-3.pdf): PDF inclusion: multiple pdfs with p
age group included in a single page
> <./17-3.pdf

pdfTeX warning: pdflatex (file ./17-3.pdf): PDF inclusion: multiple pdfs with p
age group included in a single page
> <./18-3.pdf

pdfTeX warning: pdflatex (file ./18-3.pdf): PDF inclusion: multiple pdfs with p
age group included in a single page
> <./19-4.pdf

pdfTeX warning: pdflatex (file ./19-4.pdf): PDF inclusion: multiple pdfs with p
age group included in a single page
>]
Underfull \hbox (badness 10000) in paragraph at lines 445--446

 []


Underfull \hbox (badness 10000) in paragraph at lines 448--449

 []


Underfull \hbox (badness 10000) in paragraph at lines 463--464

 []

[8 <./20-4.pdf> <./21-4.pdf

pdfTeX warning: pdflatex (file ./21-4.pdf): PDF inclusion: multiple pdfs with p
age group included in a single page
> <./22-4.pdf

pdfTeX warning: pdflatex (file ./22-4.pdf): PDF inclusion: multiple pdfs with p
age group included in a single page
> <./23-4.pdf

pdfTeX warning: pdflatex (file ./23-4.pdf): PDF inclusion: multiple pdfs with p
age group included in a single page
> <./24-4.pdf

pdfTeX warning: pdflatex (file ./24-4.pdf): PDF inclusion: multiple pdfs with p
age group included in a single page
> <./25-5.pdf

pdfTeX warning: pdflatex (file ./25-5.pdf): PDF inclusion: multiple pdfs with p
age group included in a single page
>]
Underfull \hbox (badness 10000) in paragraph at lines 467--468

 []

(./A5Report.bbl) 
AED: lastpage setting LastPage
[9]
Package atveryend Info: Empty hook `BeforeClearDocument' on input line 481.
Package atveryend Info: Empty hook `AfterLastShipout' on input line 481.
 (./A5Report.aux)
Package atveryend Info: Executing hook `AtVeryEndDocument' on input line 481.
Package atveryend Info: Executing hook `AtEndAfterFileList' on input line 481.
Package rerunfilecheck Info: File `A5Report.out' has not changed.
(rerunfilecheck)             Checksum: E484D0396DC2422A5F6B7ACF2CFB9835;90.
Package atveryend Info: Empty hook `AtVeryVeryEnd' on input line 481.
 ) 
Here is how much of TeX's memory you used:
 9539 strings out of 493029
 141490 string characters out of 6136235
 394087 words of memory out of 5000000
 12837 multiletter control sequences out of 15000+600000
 10532 words of font info for 37 fonts, out of 8000000 for 9000
 1141 hyphenation exceptions out of 8191
 41i,12n,43p,476b,1903s stack positions out of 5000i,500n,10000p,200000b,80000s
{/usr/share/texlive/texmf-dist/fonts/enc/dvips/base/8r.enc}</usr/share/texliv
e/texmf-dist/fonts/type1/public/amsfonts/cm/cmbx10.pfb></usr/share/texlive/texm
f-dist/fonts/type1/public/amsfonts/cm/cmbx12.pfb></usr/share/texlive/texmf-dist
/fonts/type1/public/amsfonts/cm/cmbx9.pfb></usr/share/texlive/texmf-dist/fonts/
type1/public/amsfonts/cm/cmr10.pfb></usr/share/texlive/texmf-dist/fonts/type1/p
ublic/amsfonts/cm/cmr5.pfb></usr/share/texlive/texmf-dist/fonts/type1/public/am
sfonts/cm/cmr9.pfb></usr/share/texlive/texmf-dist/fonts/type1/public/amsfonts/c
m/cmti10.pfb></usr/share/texlive/texmf-dist/fonts/type1/public/amsfonts/cm/cmti
12.pfb></usr/share/texlive/texmf-dist/fonts/type1/urw/courier/ucrr8a.pfb>
Output written on A5Report.pdf (9 pages, 349947 bytes).
PDF statistics:
 443 PDF objects out of 1000 (max. 8388607)
 338 compressed objects within 4 object streams
 95 named destinations out of 1000 (max. 500000)
 152 words of extra memory for PDF output out of 10000 (max. 10000000)

